#
# A fatal error has been detected by the Java Runtime Environment:
#
#  EXCEPTION_PRIV_INSTRUCTION (0xc0000096) at pc=0x00000292d2b96fc4, pid=7944, tid=13956
#
# JRE version: OpenJDK Runtime Environment Temurin-21.0.1+12 (21.0.1+12) (build 21.0.1+12-LTS)
# Java VM: OpenJDK 64-Bit Server VM Temurin-21.0.1+12 (21.0.1+12-LTS, mixed mode, sharing, tiered, compressed oops, compressed class ptrs, g1 gc, windows-amd64)
# Problematic frame:
# J 777 c1 java.lang.invoke.MemberName$Factory.resolve(BLjava/lang/invoke/MemberName;Ljava/lang/Class;IZ)Ljava/lang/invoke/MemberName; java.base@21.0.1 (159 bytes) @ 0x00000292d2b96fc4 [0x00000292d2b96cc0+0x0000000000000304]
#
# No core dump will be written. Minidumps are not enabled by default on client versions of Windows
#
# If you would like to submit a bug report, please visit:
#   https://github.com/adoptium/adoptium-support/issues
#

---------------  S U M M A R Y ------------

Command Line: --module-path=C:\JavaFX\lib --add-modules=javafx.base,javafx.controls,javafx.graphics,javafx.media -javaagent:C:\Program Files\JetBrains\IntelliJ IDEA Community Edition 2023.3.2\lib\idea_rt.jar=51985:C:\Program Files\JetBrains\IntelliJ IDEA Community Edition 2023.3.2\bin -Dfile.encoding=UTF-8 -Dsun.stdout.encoding=UTF-8 -Dsun.stderr.encoding=UTF-8 com.studying.expenseTracker.ExpenseTrackerApplication

Host: AMD Ryzen 5 2600X Six-Core Processor           , 12 cores, 23G,  Windows 10 , 64 bit Build 19041 (10.0.19041.5915)
Time: Thu Aug 21 09:06:30 2025 Hora oficial do Brasil elapsed time: 0.341901 seconds (0d 0h 0m 0s)

---------------  T H R E A D  ---------------

Current thread (0x00000292c81c86f0):  JavaThread "main"             [_thread_in_Java, id=13956, stack(0x000000e536400000,0x000000e536500000) (1024K)]

Stack: [0x000000e536400000,0x000000e536500000],  sp=0x000000e5364fd210,  free space=1012k
Native frames: (J=compiled Java code, j=interpreted, Vv=VM code, C=native code)
C  0x00000292d2b96fc4

The last pc belongs to nmethod (printed below).

siginfo: EXCEPTION_PRIV_INSTRUCTION (0xc0000096)


Registers:
RAX=0x0000000697cd0d48, RBX=0x000000e5364fd140, RCX=0x0000000000000009, RDX=0x00000292ed0ea890
RSP=0x000000e5364fd210, RBP=0x000000e5364fd330, RSI=0x00000000000002c0, RDI=0x0000000000000025
R8 =0x0000000000000080, R9 =0x0000000000000000, R10=0x00007ffa03e39aae, R11=0x00000292d2b3d520
R12=0x0000000000000000, R13=0x00000292d2b569cc, R14=0x000000e5364fd138, R15=0x00000292c81c86f0
RIP=0x00000292d2b96fc4, EFLAGS=0x0000000000010246


Register to memory mapping:

RAX=0x0000000697cd0d48 is an oop: java.lang.invoke.MemberName 
{0x0000000697cd0d48} - klass: 'java/lang/invoke/MemberName'
 - ---- fields (total size 6 words):
 - private 'flags' 'I' @12  100728969 (0x06010089)
 - injected 'vmindex' 'J' @16  -2 (0xfffffffffffffffe)
 - private 'clazz' 'Ljava/lang/Class;' @24  a 'java/lang/Class'{0x0000000698bd5570} = 'java/lang/invoke/StringConcatFactory' (0xd317aaae)
 - private 'name' 'Ljava/lang/String;' @28  "makeConcatWithConstants"{0x0000000697cd0b98} (0xd2f9a173)
 - private 'type' 'Ljava/lang/Object;' @32  a 'java/lang/invoke/MethodType'{0x0000000698dd35b0} = (Ljava/lang/invoke/MethodHandles$Lookup;Ljava/lang/String;Ljava/lang/invoke/MethodType;Ljava/lang/String;[Ljava/lang/Object;)Ljava/lang/invoke/CallSite; (0xd31ba6b6)
 - private 'method' 'Ljava/lang/invoke/ResolvedMethodName;' @36  a 'java/lang/invoke/ResolvedMethodName'{0x0000000697c4f580} (0xd2f89eb0)
 - 'resolution' 'Ljava/lang/Object;' @40  null (0x00000000)
RBX=0x000000e5364fd140 is pointing into the stack for thread: 0x00000292c81c86f0
RCX=0x0000000000000009 is an unknown value
RDX=0x00000292ed0ea890 is pointing into metadata
RSP=0x000000e5364fd210 is pointing into the stack for thread: 0x00000292c81c86f0
RBP=0x000000e5364fd330 is pointing into the stack for thread: 0x00000292c81c86f0
RSI=0x00000000000002c0 is an unknown value
RDI=0x0000000000000025 is an unknown value
R8 =0x0000000000000080 is an unknown value
R9 =0x0 is null
R10=0x00007ffa03e39aae jvm.dll
R11=0x00000292d2b3d520 is at entry_point+0 in (nmethod*)0x00000292d2b3d210
Compiled method (c1)     354  543       3       sun.invoke.util.VerifyAccess::isTypeVisible (118 bytes)
 total in heap  [0x00000292d2b3d210,0x00000292d2b3ea10] = 6144
 relocation     [0x00000292d2b3d370,0x00000292d2b3d510] = 416
 main code      [0x00000292d2b3d520,0x00000292d2b3e4b0] = 3984
 stub code      [0x00000292d2b3e4b0,0x00000292d2b3e548] = 152
 oops           [0x00000292d2b3e548,0x00000292d2b3e550] = 8
 metadata       [0x00000292d2b3e550,0x00000292d2b3e5a0] = 80
 scopes data    [0x00000292d2b3e5a0,0x00000292d2b3e7d8] = 568
 scopes pcs     [0x00000292d2b3e7d8,0x00000292d2b3e9e8] = 528
 dependencies   [0x00000292d2b3e9e8,0x00000292d2b3e9f0] = 8
 nul chk table  [0x00000292d2b3e9f0,0x00000292d2b3ea10] = 32
R12=0x0 is null
R13=0x00000292d2b569cc is at entry_point+1260 in (nmethod*)0x00000292d2b56090
Compiled method (c1)     354  606       3       java.lang.invoke.MemberName::checkForTypeAlias (172 bytes)
 total in heap  [0x00000292d2b56090,0x00000292d2b58960] = 10448
 relocation     [0x00000292d2b561f0,0x00000292d2b564d8] = 744
 main code      [0x00000292d2b564e0,0x00000292d2b58020] = 6976
 stub code      [0x00000292d2b58020,0x00000292d2b58170] = 336
 oops           [0x00000292d2b58170,0x00000292d2b58188] = 24
 metadata       [0x00000292d2b58188,0x00000292d2b581d8] = 80
 scopes data    [0x00000292d2b581d8,0x00000292d2b58538] = 864
 scopes pcs     [0x00000292d2b58538,0x00000292d2b58928] = 1008
 dependencies   [0x00000292d2b58928,0x00000292d2b58930] = 8
 nul chk table  [0x00000292d2b58930,0x00000292d2b58960] = 48
R14=0x000000e5364fd138 is pointing into the stack for thread: 0x00000292c81c86f0
R15=0x00000292c81c86f0 is a thread

Top of Stack: (sp=0x000000e5364fd210)
0x000000e5364fd210:   000000e5364fd2e8 00007ffa03354f22
0x000000e5364fd220:   00000292d9fbecc6 0000000697ccef58
0x000000e5364fd230:   000000000000005f 0000000000000000
0x000000e5364fd240:   00000292c81c86f0 00007ffa0359d6b6
0x000000e5364fd250:   00000292c81c86f0 000000e5364fd3e8
0x000000e5364fd260:   0000029280b5cc45 0000000697ccef58
0x000000e5364fd270:   000000000000005f 00007ffa00000006
0x000000e5364fd280:   0000000697cd0d48 0000000697cd0d48
0x000000e5364fd290:   0000000697ccef58 000000000000026f
0x000000e5364fd2a0:   000000e5364fd330 00000292d9fb89b8
0x000000e5364fd2b0:   00000292d9fb89b8 0000000000000000
0x000000e5364fd2c0:   000000000000005f 0000000697ccef58
0x000000e5364fd2d0:   0000000697cd0ce8 0000000000000006
0x000000e5364fd2e0:   0000000698c2d618 000000e5364fd2e8
0x000000e5364fd2f0:   00000292807eb7af 0000000000000009
0x000000e5364fd300:   000002928014b238 0000000000000000
0x000000e5364fd310:   0000000698c2d5a0 000002928014b538
0x000000e5364fd320:   000000e5364fd2b8 000000e5364fd350
0x000000e5364fd330:   000000e5364fd3c8 00000292d9fb89b8
0x000000e5364fd340:   0000000000000000 0000000000000000
0x000000e5364fd350:   0000000698c01fa0 000000000000005f
0x000000e5364fd360:   0000000697ccef58 0000000697cd0ce8
0x000000e5364fd370:   0000000000000006 0000000698c2d618
0x000000e5364fd380:   000000e5364fd380 0000029280b5cc48
0x000000e5364fd390:   0000000000000004 00000292803e86a0
0x000000e5364fd3a0:   0000000000000000 0000000698c2d698
0x000000e5364fd3b0:   00000292803e8108 000000e5364fd350
0x000000e5364fd3c0:   000000e5364fd3d8 000000e5364fd438
0x000000e5364fd3d0:   00000292d9fb89b8 0000000697cd0ce8
0x000000e5364fd3e0:   0000000000000006 0000000697cd0cc8
0x000000e5364fd3f0:   000000e5364fd3f0 0000029280b5d57f
0x000000e5364fd400:   000000000000000a 00000292803e86a0 

Instructions: (pc=0x00000292d2b96fc4)
0x00000292d2b96ec4:   48 89 74 24 70 66 0f 1f 44 00 00 e8 0c 16 a0 07
0x00000292d2b96ed4:   0f 1f 84 00 44 04 00 01 48 89 44 24 78 48 83 f8
0x00000292d2b96ee4:   00 49 b8 80 72 14 ed 92 02 00 00 48 ba e0 01 00
0x00000292d2b96ef4:   00 00 00 00 00 0f 85 0a 00 00 00 48 ba f0 01 00
0x00000292d2b96f04:   00 00 00 00 00 49 8b 34 10 48 8d 76 01 49 89 34
0x00000292d2b96f14:   10 0f 85 3d 00 00 00 8b 4c 24 64 83 f9 00 49 b8
0x00000292d2b96f24:   80 72 14 ed 92 02 00 00 48 ba 10 02 00 00 00 00
0x00000292d2b96f34:   00 00 0f 85 0a 00 00 00 48 ba 00 02 00 00 00 00
0x00000292d2b96f44:   00 00 49 8b 34 10 48 8d 76 01 49 89 34 10 0f 85
0x00000292d2b96f54:   df 00 00 00 48 3b 00 4c 8b c0 48 ba 80 72 14 ed
0x00000292d2b96f64:   92 02 00 00 48 83 82 20 02 00 00 01 44 8b 40 18
0x00000292d2b96f74:   49 c1 e0 03 48 8b d0 48 be 80 72 14 ed 92 02 00
0x00000292d2b96f84:   00 48 83 86 58 02 00 00 01 48 8b d0 0f 1f 80 00
0x00000292d2b96f94:   00 00 00 e8 64 f5 fb ff 0f 1f 84 00 0c 05 00 02
0x00000292d2b96fa4:   45 0f be 47 40 41 83 f8 00 48 8b 44 24 78 0f 85
0x00000292d2b96fb4:   56 02 00 00 c7 40 28 00 00 00 00 49 b0 80 72 14
0x00000292d2b96fc4:   ed 92 02 00 00 41 ff 80 90 02 00 00 49 b8 80 72
0x00000292d2b96fd4:   14 ed 92 02 00 00 41 ff 80 30 03 00 00 4c 8b c0
0x00000292d2b96fe4:   48 ba 80 72 14 ed 92 02 00 00 48 83 82 b8 03 00
0x00000292d2b96ff4:   00 01 41 b8 01 00 00 00 48 8b d0 e8 7c 7a 46 07
0x00000292d2b97004:   0f 1f 84 00 74 05 00 03 48 b8 80 72 14 ed 92 02
0x00000292d2b97014:   00 00 ff 80 f0 03 00 00 48 8b 44 24 78 48 81 c4
0x00000292d2b97024:   90 00 00 00 5d 49 3b a7 50 04 00 00 0f 87 f8 01
0x00000292d2b97034:   00 00 c3 48 b8 00 00 00 00 00 00 00 00 48 81 c4
0x00000292d2b97044:   90 00 00 00 5d 49 3b a7 50 04 00 00 0f 87 ee 01
0x00000292d2b97054:   00 00 c3 49 8b 87 00 05 00 00 4d 33 d2 4d 89 97
0x00000292d2b97064:   00 05 00 00 4d 33 d2 4d 89 97 08 05 00 00 48 be
0x00000292d2b97074:   80 72 14 ed 92 02 00 00 ff 86 a8 02 00 00 41 0f
0x00000292d2b97084:   be 77 40 83 fe 00 0f 85 ca 01 00 00 4c 8b d0 49
0x00000292d2b97094:   c1 ea 03 44 89 52 28 48 8b f2 48 33 f0 48 c1 ee
0x00000292d2b970a4:   16 48 83 fe 00 0f 85 cf 01 00 00 48 8b c2 48 81
0x00000292d2b970b4:   c4 90 00 00 00 5d 49 3b a7 50 04 00 00 0f 87 cf 


Stack slot to memory mapping:

stack at sp + 0 slots: 0x000000e5364fd2e8 is pointing into the stack for thread: 0x00000292c81c86f0
stack at sp + 1 slots: 0x00007ffa03354f22 jvm.dll
stack at sp + 2 slots: 0x00000292d9fbecc6 is at code_begin+102 in an Interpreter codelet
ldc_w  19 ldc_w  [0x00000292d9fbec60, 0x00000292d9fbef10]  688 bytes
stack at sp + 3 slots: 0x0000000697ccef58 is an oop: java.lang.Class 
{0x0000000697ccef58} - klass: 'java/lang/Class'
 - ---- fields (total size 15 words):
 - private volatile transient 'classRedefinedCount' 'I' @12  0 (0x00000000)
 - injected 'klass' 'J' @16  2828252856320 (0x000002928101c000)
 - injected 'array_klass' 'J' @24  0 (0x0000000000000000)
 - injected 'oop_size' 'I' @32  15 (0x0000000f)
 - injected 'static_oop_field_count' 'I' @36  2 (0x00000002)
 - private volatile transient 'cachedConstructor' 'Ljava/lang/reflect/Constructor;' @40  null (0x00000000)
 - private transient 'name' 'Ljava/lang/String;' @44  "ch.qos.logback.classic.joran.SerializedModelConfigurator"{0x0000000697c2e480} (0xd2f85c90)
 - private transient 'module' 'Ljava/lang/Module;' @48  a 'java/lang/Module'{0x0000000698db6640} (0xd31b6cc8)
 - private final 'classLoader' 'Ljava/lang/ClassLoader;' @52  a 'jdk/internal/loader/ClassLoaders$AppClassLoader'{0x0000000698db6480} (0xd31b6c90)
 - private transient 'classData' 'Ljava/lang/Object;' @56  null (0x00000000)
 - private transient 'packageName' 'Ljava/lang/String;' @60  "ch.qos.logback.classic.joran"{0x0000000697cc7a90} (0xd2f98f52)
 - private final 'componentType' 'Ljava/lang/Class;' @64  null (0x00000000)
 - private volatile transient 'reflectionData' 'Ljava/lang/ref/SoftReference;' @68  a 'java/lang/ref/SoftReference'{0x0000000697ccf0e0} (0xd2f99e1c)
 - private volatile transient 'genericInfo' 'Lsun/reflect/generics/repository/ClassRepository;' @72  null (0x00000000)
 - private volatile transient 'enumConstants' '[Ljava/lang/Object;' @76  null (0x00000000)
 - private volatile transient 'enumConstantDirectory' 'Ljava/util/Map;' @80  null (0x00000000)
 - private volatile transient 'annotationData' 'Ljava/lang/Class$AnnotationData;' @84  null (0x00000000)
 - private volatile transient 'annotationType' 'Lsun/reflect/annotation/AnnotationType;' @88  null (0x00000000)
 - transient 'classValueMap' 'Ljava/lang/ClassValue$ClassValueMap;' @92  null (0x00000000)
 - injected 'protection_domain' 'Ljava/lang/Object;' @96  a 'java/security/ProtectionDomain'{0x00000006983c4830} (0xd3078906)
 - injected 'signers_name' 'Ljava/lang/Object;' @100  null (0x00000000)
 - injected 'source_file' 'Ljava/lang/Object;' @104  null (0x00000000)
 - signature: Lch/qos/logback/classic/joran/SerializedModelConfigurator;
 - ---- static fields (2):
 - public static final 'AUTOCONFIG_MODEL_FILE' 'Ljava/lang/String;' @112  "logback.scmo"{0x0000000697ccefd0} (0xd2f99dfa)
 - public static final 'TEST_AUTOCONFIG_MODEL_FILE' 'Ljava/lang/String;' @116  "logback-test.scmo"{0x0000000697ccf008} (0xd2f99e01)
stack at sp + 4 slots: 0x000000000000005f is an unknown value
stack at sp + 5 slots: 0x0 is null
stack at sp + 6 slots: 0x00000292c81c86f0 is a thread
stack at sp + 7 slots: 0x00007ffa0359d6b6 jvm.dll


Compiled method (c1)     372  777   !   3       java.lang.invoke.MemberName$Factory::resolve (159 bytes)
 total in heap  [0x00000292d2b96a90,0x00000292d2b97678] = 3048
 relocation     [0x00000292d2b96bf0,0x00000292d2b96cc0] = 208
 main code      [0x00000292d2b96cc0,0x00000292d2b97348] = 1672
 stub code      [0x00000292d2b97348,0x00000292d2b973d0] = 136
 metadata       [0x00000292d2b973d0,0x00000292d2b973e8] = 24
 scopes data    [0x00000292d2b973e8,0x00000292d2b974d0] = 232
 scopes pcs     [0x00000292d2b974d0,0x00000292d2b975d0] = 256
 dependencies   [0x00000292d2b975d0,0x00000292d2b975d8] = 8
 handler table  [0x00000292d2b975d8,0x00000292d2b97650] = 120
 nul chk table  [0x00000292d2b97650,0x00000292d2b97678] = 40

[Constant Pool (empty)]

[MachCode]
[Entry Point]
  # {method} {0x000002928014b648} 'resolve' '(BLjava/lang/invoke/MemberName;Ljava/lang/Class;IZ)Ljava/lang/invoke/MemberName;' in 'java/lang/invoke/MemberName$Factory'
  # this:     rdx:rdx   = 'java/lang/invoke/MemberName$Factory'
  # parm0:    r8        = byte
  # parm1:    r9:r9     = 'java/lang/invoke/MemberName'
  # parm2:    rdi:rdi   = 'java/lang/Class'
  # parm3:    rsi       = int
  # parm4:    rcx       = boolean
  #           [sp+0xa0]  (sp of caller)
  0x00000292d2b96cc0: 448b 5208 | 49bb 0000 | 0080 9202 | 0000 4d03 | d34c 3bd0 

  0x00000292d2b96cd4: ;   {runtime_call ic_miss_stub}
  0x00000292d2b96cd4: 0f85 a67a | 4607 660f | 1f44 0000 
[Verified Entry Point]
  0x00000292d2b96ce0: 8984 2400 | 80ff ff55 | 4881 ec90 | 0000 0090 | 4181 7f20 | 0100 0000 

  0x00000292d2b96cf8: ;   {runtime_call StubRoutines (final stubs)}
  0x00000292d2b96cf8: 7405 e861 | e044 0744 | 8944 2468 | 4889 7c24 | 5889 7424 | 6089 4c24 

  0x00000292d2b96d10: ;   {metadata(method data for {method} {0x000002928014b648} 'resolve' '(BLjava/lang/invoke/MemberName;Ljava/lang/Class;IZ)Ljava/lang/invoke/MemberName;' in 'java/lang/invoke/MemberName$Factory')}
  0x00000292d2b96d10: 6448 bb80 | 7214 ed92 | 0200 008b | 83cc 0000 | 0083 c002 | 8983 cc00 | 0000 25fe | 0700 0083 
  0x00000292d2b96d30: f800 0f84 | 8104 0000 

  0x00000292d2b96d38: ; implicit exception: dispatches to 0x00000292d2b971da
  0x00000292d2b96d38: 493b 0149 

  0x00000292d2b96d3c: ;   {metadata(method data for {method} {0x000002928014b648} 'resolve' '(BLjava/lang/invoke/MemberName;Ljava/lang/Class;IZ)Ljava/lang/invoke/MemberName;' in 'java/lang/invoke/MemberName$Factory')}
  0x00000292d2b96d3c: 8bd1 48bb | 8072 14ed | 9202 0000 | 4883 8310 | 0100 0001 

  0x00000292d2b96d50: ;   {metadata(method data for {method} {0x00000292803f2c48} 'clone' '()Ljava/lang/invoke/MemberName;' in 'java/lang/invoke/MemberName')}
  0x00000292d2b96d50: 48ba 705f | 04ed 9202 | 0000 8b9a | cc00 0000 | 83c3 0289 | 9acc 0000 | 0081 e3fe | ff1f 0083 
  0x00000292d2b96d70: fb00 0f84 | 6704 0000 

  0x00000292d2b96d78: ;   {metadata(method data for {method} {0x00000292803f2c48} 'clone' '()Ljava/lang/invoke/MemberName;' in 'java/lang/invoke/MemberName')}
  0x00000292d2b96d78: 498b d148 | bb70 5f04 | ed92 0200 | 0048 8383 | 1001 0000 | 0149 8bd1 | 0f1f 8000 

  0x00000292d2b96d94: ;   {optimized virtual_call}
  0x00000292d2b96d94: 0000 00e8 

  0x00000292d2b96d98: ; ImmutableOopMap {[88]=Oop }
                      ;*invokespecial clone {reexecute=0 rethrow=0 return_oop=0}
                      ; - java.lang.invoke.MemberName::clone@1 (line 696)
                      ; - java.lang.invoke.MemberName$Factory::resolve@1 (line 944)
  0x00000292d2b96d98: 44fc 9b07 

  0x00000292d2b96d9c: ;   {other}
  0x00000292d2b96d9c: 0f1f 8400 | 0c03 0000 | 4883 f800 

  0x00000292d2b96da8: ;   {metadata(method data for {method} {0x00000292803f2c48} 'clone' '()Ljava/lang/invoke/MemberName;' in 'java/lang/invoke/MemberName')}
  0x00000292d2b96da8: 7517 49b8 | 705f 04ed | 9202 0000 | 4180 8819 | 0100 0001 | e9cd 0000 

  0x00000292d2b96dc0: ;   {metadata('java/lang/invoke/MemberName')}
  0x00000292d2b96dc0: 0049 b920 | 3109 8092 | 0200 008b | 5008 49ba | 0000 0080 | 9202 0000 | 4903 d24c | 3bca 0f85 
  0x00000292d2b96de0: 8e00 0000 

  0x00000292d2b96de4: ;   {metadata(method data for {method} {0x00000292803f2c48} 'clone' '()Ljava/lang/invoke/MemberName;' in 'java/lang/invoke/MemberName')}
  0x00000292d2b96de4: 49b8 705f | 04ed 9202 | 0000 448b | 4808 49ba | 0000 0080 | 9202 0000 | 4d03 ca4d | 3b88 3001 
  0x00000292d2b96e04: 0000 750d | 4983 8038 | 0100 0001 | e979 0000 | 004d 3b88 | 4001 0000 | 750d 4983 | 8048 0100 
  0x00000292d2b96e24: 0001 e963 | 0000 0049 | 83b8 3001 | 0000 0075 | 174d 8988 | 3001 0000 | 49c7 8038 | 0100 0001 
  0x00000292d2b96e44: 0000 00e9 | 4200 0000 | 4983 b840 | 0100 0000 | 7517 4d89 | 8840 0100 | 0049 c780 | 4801 0000 
  0x00000292d2b96e64: 0100 0000 | e921 0000 | 00e9 1c00 

  0x00000292d2b96e70: ;   {metadata(method data for {method} {0x00000292803f2c48} 'clone' '()Ljava/lang/invoke/MemberName;' in 'java/lang/invoke/MemberName')}
  0x00000292d2b96e70: 0000 49b8 | 705f 04ed | 9202 0000 | 4983 a820 | 0100 0001 | e977 0300 | 00e9 0000 | 0000 488b 
  0x00000292d2b96e90: ;   {metadata(method data for {method} {0x000002928014b648} 'resolve' '(BLjava/lang/invoke/MemberName;Ljava/lang/Class;IZ)Ljava/lang/invoke/MemberName;' in 'java/lang/invoke/MemberName$Factory')}
  0x00000292d2b96e90: f048 ba80 | 7214 ed92 | 0200 00ff | 8248 0100 

  0x00000292d2b96ea0: ;   {metadata(method data for {method} {0x000002928014b648} 'resolve' '(BLjava/lang/invoke/MemberName;Ljava/lang/Class;IZ)Ljava/lang/invoke/MemberName;' in 'java/lang/invoke/MemberName$Factory')}
  0x00000292d2b96ea0: 0048 ba80 | 7214 ed92 | 0200 0048 | 8382 d001 | 0000 0148 | 8bd6 4c8b | 4424 5844 | 8b4c 2460 
  0x00000292d2b96ec0: 8b7c 2464 | 4889 7424 | 7066 0f1f 

  0x00000292d2b96ecc: ;   {static_call}
  0x00000292d2b96ecc: 4400 00e8 

  0x00000292d2b96ed0: ; ImmutableOopMap {[112]=Oop }
                      ;*invokestatic resolve {reexecute=0 rethrow=0 return_oop=0}
                      ; - java.lang.invoke.MemberName$Factory::resolve@36 (line 962)
  0x00000292d2b96ed0: 0c16 a007 

  0x00000292d2b96ed4: ;   {other}
  0x00000292d2b96ed4: 0f1f 8400 | 4404 0001 | 4889 4424 | 7848 83f8 

  0x00000292d2b96ee4: ;   {metadata(method data for {method} {0x000002928014b648} 'resolve' '(BLjava/lang/invoke/MemberName;Ljava/lang/Class;IZ)Ljava/lang/invoke/MemberName;' in 'java/lang/invoke/MemberName$Factory')}
  0x00000292d2b96ee4: 0049 b880 | 7214 ed92 | 0200 0048 | bae0 0100 | 0000 0000 | 000f 850a | 0000 0048 | baf0 0100 
  0x00000292d2b96f04: 0000 0000 | 0049 8b34 | 1048 8d76 | 0149 8934 | 100f 853d | 0000 008b | 4c24 6483 

  0x00000292d2b96f20: ;   {metadata(method data for {method} {0x000002928014b648} 'resolve' '(BLjava/lang/invoke/MemberName;Ljava/lang/Class;IZ)Ljava/lang/invoke/MemberName;' in 'java/lang/invoke/MemberName$Factory')}
  0x00000292d2b96f20: f900 49b8 | 8072 14ed | 9202 0000 | 48ba 1002 | 0000 0000 | 0000 0f85 | 0a00 0000 | 48ba 0002 
  0x00000292d2b96f40: 0000 0000 | 0000 498b | 3410 488d | 7601 4989 | 3410 0f85 | df00 0000 

  0x00000292d2b96f58: ; implicit exception: dispatches to 0x00000292d2b97209
  0x00000292d2b96f58: 483b 004c 

  0x00000292d2b96f5c: ;   {metadata(method data for {method} {0x000002928014b648} 'resolve' '(BLjava/lang/invoke/MemberName;Ljava/lang/Class;IZ)Ljava/lang/invoke/MemberName;' in 'java/lang/invoke/MemberName$Factory')}
  0x00000292d2b96f5c: 8bc0 48ba | 8072 14ed | 9202 0000 | 4883 8220 | 0200 0001 | 448b 4018 | 49c1 e003 

  0x00000292d2b96f78: ;   {metadata(method data for {method} {0x000002928014b648} 'resolve' '(BLjava/lang/invoke/MemberName;Ljava/lang/Class;IZ)Ljava/lang/invoke/MemberName;' in 'java/lang/invoke/MemberName$Factory')}
  0x00000292d2b96f78: 488b d048 | be80 7214 | ed92 0200 | 0048 8386 | 5802 0000 | 0148 8bd0 | 0f1f 8000 

  0x00000292d2b96f94: ;   {optimized virtual_call}
  0x00000292d2b96f94: 0000 00e8 

  0x00000292d2b96f98: ; ImmutableOopMap {[120]=Oop }
                      ;*invokevirtual checkForTypeAlias {reexecute=0 rethrow=0 return_oop=0}
                      ; - java.lang.invoke.MemberName$Factory::resolve@60 (line 966)
  0x00000292d2b96f98: 64f5 fbff 

  0x00000292d2b96f9c: ;   {other}
  0x00000292d2b96f9c: 0f1f 8400 | 0c05 0002 | 450f be47 | 4041 83f8 | 0048 8b44 | 2478 0f85 | 5602 0000 | c740 2800 
  0x00000292d2b96fbc: 
[error occurred during error reporting (printing code blobs if possible), id 0xe0000000, Internal Error (s\src\hotspot\cpu\x86\assembler_x86.cpp:1164)]

---------------  P R O C E S S  ---------------

Threads class SMR info:
_java_thread_list=0x00000292f1967eb0, length=14, elements={
0x00000292c81c86f0, 0x00000292ec4086b0, 0x00000292ec40aff0, 0x00000292ec40f0c0,
0x00000292ec40fb20, 0x00000292ec419230, 0x00000292ec41a2b0, 0x00000292ec4265c0,
0x00000292ec42ee50, 0x00000292ec624750, 0x00000292ec42e0b0, 0x00000292ec42e780,
0x00000292f136e1b0, 0x00000292f16f3190
}

Java Threads: ( => current thread )
=>0x00000292c81c86f0 JavaThread "main"                              [_thread_in_Java, id=13956, stack(0x000000e536400000,0x000000e536500000) (1024K)]
  0x00000292ec4086b0 JavaThread "Reference Handler"          daemon [_thread_blocked, id=13924, stack(0x000000e536c00000,0x000000e536d00000) (1024K)]
  0x00000292ec40aff0 JavaThread "Finalizer"                  daemon [_thread_blocked, id=16688, stack(0x000000e536d00000,0x000000e536e00000) (1024K)]
  0x00000292ec40f0c0 JavaThread "Signal Dispatcher"          daemon [_thread_blocked, id=5068, stack(0x000000e536e00000,0x000000e536f00000) (1024K)]
  0x00000292ec40fb20 JavaThread "Attach Listener"            daemon [_thread_blocked, id=13752, stack(0x000000e536f00000,0x000000e537000000) (1024K)]
  0x00000292ec419230 JavaThread "Service Thread"             daemon [_thread_blocked, id=312, stack(0x000000e537000000,0x000000e537100000) (1024K)]
  0x00000292ec41a2b0 JavaThread "Monitor Deflation Thread"   daemon [_thread_blocked, id=12304, stack(0x000000e537100000,0x000000e537200000) (1024K)]
  0x00000292ec4265c0 JavaThread "C2 CompilerThread0"         daemon [_thread_in_native, id=14200, stack(0x000000e537200000,0x000000e537300000) (1024K)]
  0x00000292ec42ee50 JavaThread "C1 CompilerThread0"         daemon [_thread_blocked, id=18220, stack(0x000000e537300000,0x000000e537400000) (1024K)]
  0x00000292ec624750 JavaThread "Common-Cleaner"             daemon [_thread_blocked, id=17588, stack(0x000000e537400000,0x000000e537500000) (1024K)]
  0x00000292ec42e0b0 JavaThread "C2 CompilerThread1"         daemon [_thread_blocked, id=5184, stack(0x000000e537500000,0x000000e537600000) (1024K)]
  0x00000292ec42e780 JavaThread "C2 CompilerThread2"         daemon [_thread_blocked, id=1272, stack(0x000000e537600000,0x000000e537700000) (1024K)]
  0x00000292f136e1b0 JavaThread "Monitor Ctrl-Break"         daemon [_thread_in_native, id=8796, stack(0x000000e537700000,0x000000e537800000) (1024K)]
  0x00000292f16f3190 JavaThread "Notification Thread"        daemon [_thread_blocked, id=14160, stack(0x000000e537800000,0x000000e537900000) (1024K)]
Total: 14

Other Threads:
  0x00000292ec3ea220 VMThread "VM Thread"                           [id=13104, stack(0x000000e536b00000,0x000000e536c00000) (1024K)]
  0x00000292ec3cee60 WatcherThread "VM Periodic Task Thread"        [id=2480, stack(0x000000e536a00000,0x000000e536b00000) (1024K)]
  0x00000292ca43c990 WorkerThread "GC Thread#0"                     [id=9100, stack(0x000000e536500000,0x000000e536600000) (1024K)]
  0x00000292ca44a100 ConcurrentGCThread "G1 Main Marker"            [id=12736, stack(0x000000e536600000,0x000000e536700000) (1024K)]
  0x00000292ca44adb0 WorkerThread "G1 Conc#0"                       [id=13796, stack(0x000000e536700000,0x000000e536800000) (1024K)]
  0x00000292ec2a3860 ConcurrentGCThread "G1 Refine#0"               [id=8832, stack(0x000000e536800000,0x000000e536900000) (1024K)]
  0x00000292ec2a41e0 ConcurrentGCThread "G1 Service"                [id=8688, stack(0x000000e536900000,0x000000e536a00000) (1024K)]
Total: 7

Threads with active compile tasks:
C2 CompilerThread0      382  324       4       java.util.stream.ReferencePipeline$3$1::accept (23 bytes)
Total: 1

VM state: not at safepoint (normal execution)

VM Mutex/Monitor currently owned by a thread: None

Heap address: 0x0000000681000000, size: 6128 MB, Compressed Oops mode: Zero based, Oop shift amount: 3

CDS archive(s) mapped at: [0x0000029280000000-0x0000029280c90000-0x0000029280c90000), size 13172736, SharedBaseAddress: 0x0000029280000000, ArchiveRelocationMode: 1.
Compressed class space mapped at: 0x0000029281000000-0x00000292c1000000, reserved size: 1073741824
Narrow klass base: 0x0000029280000000, Narrow klass shift: 0, Narrow klass range: 0x100000000

GC Precious Log:
 CardTable entry size: 512
 Card Set container configuration: InlinePtr #cards 4 size 8 Array Of Cards #cards 32 size 80 Howl #buckets 8 coarsen threshold 7372 Howl Bitmap #cards 1024 size 144 coarsen threshold 921 Card regions per heap region 1 cards per card region 8192
 CPUs: 12 total, 12 available
 Memory: 24507M
 Large Page Support: Disabled
 NUMA Support: Disabled
 Compressed Oops: Enabled (Zero based)
 Heap Region Size: 4M
 Heap Min Capacity: 8M
 Heap Initial Capacity: 384M
 Heap Max Capacity: 6128M
 Pre-touch: Disabled
 Parallel Workers: 10
 Concurrent Workers: 3
 Concurrent Refinement Workers: 10
 Periodic GC: Disabled

Heap:
 garbage-first heap   total 393216K, used 16384K [0x0000000681000000, 0x0000000800000000)
  region size 4096K, 5 young (20480K), 0 survivors (0K)
 Metaspace       used 2146K, committed 2304K, reserved 1114112K
  class space    used 186K, committed 256K, reserved 1048576K

Heap Regions: E=young(eden), S=young(survivor), O=old, HS=humongous(starts), HC=humongous(continues), CS=collection set, F=free, TAMS=top-at-mark-start, PB=parsable bottom
|   0|0x0000000681000000, 0x0000000681000000, 0x0000000681400000|  0%| F|  |TAMS 0x0000000681000000| PB 0x0000000681000000| Untracked 
|   1|0x0000000681400000, 0x0000000681400000, 0x0000000681800000|  0%| F|  |TAMS 0x0000000681400000| PB 0x0000000681400000| Untracked 
|   2|0x0000000681800000, 0x0000000681800000, 0x0000000681c00000|  0%| F|  |TAMS 0x0000000681800000| PB 0x0000000681800000| Untracked 
|   3|0x0000000681c00000, 0x0000000681c00000, 0x0000000682000000|  0%| F|  |TAMS 0x0000000681c00000| PB 0x0000000681c00000| Untracked 
|   4|0x0000000682000000, 0x0000000682000000, 0x0000000682400000|  0%| F|  |TAMS 0x0000000682000000| PB 0x0000000682000000| Untracked 
|   5|0x0000000682400000, 0x0000000682400000, 0x0000000682800000|  0%| F|  |TAMS 0x0000000682400000| PB 0x0000000682400000| Untracked 
|   6|0x0000000682800000, 0x0000000682800000, 0x0000000682c00000|  0%| F|  |TAMS 0x0000000682800000| PB 0x0000000682800000| Untracked 
|   7|0x0000000682c00000, 0x0000000682c00000, 0x0000000683000000|  0%| F|  |TAMS 0x0000000682c00000| PB 0x0000000682c00000| Untracked 
|   8|0x0000000683000000, 0x0000000683000000, 0x0000000683400000|  0%| F|  |TAMS 0x0000000683000000| PB 0x0000000683000000| Untracked 
|   9|0x0000000683400000, 0x0000000683400000, 0x0000000683800000|  0%| F|  |TAMS 0x0000000683400000| PB 0x0000000683400000| Untracked 
|  10|0x0000000683800000, 0x0000000683800000, 0x0000000683c00000|  0%| F|  |TAMS 0x0000000683800000| PB 0x0000000683800000| Untracked 
|  11|0x0000000683c00000, 0x0000000683c00000, 0x0000000684000000|  0%| F|  |TAMS 0x0000000683c00000| PB 0x0000000683c00000| Untracked 
|  12|0x0000000684000000, 0x0000000684000000, 0x0000000684400000|  0%| F|  |TAMS 0x0000000684000000| PB 0x0000000684000000| Untracked 
|  13|0x0000000684400000, 0x0000000684400000, 0x0000000684800000|  0%| F|  |TAMS 0x0000000684400000| PB 0x0000000684400000| Untracked 
|  14|0x0000000684800000, 0x0000000684800000, 0x0000000684c00000|  0%| F|  |TAMS 0x0000000684800000| PB 0x0000000684800000| Untracked 
|  15|0x0000000684c00000, 0x0000000684c00000, 0x0000000685000000|  0%| F|  |TAMS 0x0000000684c00000| PB 0x0000000684c00000| Untracked 
|  16|0x0000000685000000, 0x0000000685000000, 0x0000000685400000|  0%| F|  |TAMS 0x0000000685000000| PB 0x0000000685000000| Untracked 
|  17|0x0000000685400000, 0x0000000685400000, 0x0000000685800000|  0%| F|  |TAMS 0x0000000685400000| PB 0x0000000685400000| Untracked 
|  18|0x0000000685800000, 0x0000000685800000, 0x0000000685c00000|  0%| F|  |TAMS 0x0000000685800000| PB 0x0000000685800000| Untracked 
|  19|0x0000000685c00000, 0x0000000685c00000, 0x0000000686000000|  0%| F|  |TAMS 0x0000000685c00000| PB 0x0000000685c00000| Untracked 
|  20|0x0000000686000000, 0x0000000686000000, 0x0000000686400000|  0%| F|  |TAMS 0x0000000686000000| PB 0x0000000686000000| Untracked 
|  21|0x0000000686400000, 0x0000000686400000, 0x0000000686800000|  0%| F|  |TAMS 0x0000000686400000| PB 0x0000000686400000| Untracked 
|  22|0x0000000686800000, 0x0000000686800000, 0x0000000686c00000|  0%| F|  |TAMS 0x0000000686800000| PB 0x0000000686800000| Untracked 
|  23|0x0000000686c00000, 0x0000000686c00000, 0x0000000687000000|  0%| F|  |TAMS 0x0000000686c00000| PB 0x0000000686c00000| Untracked 
|  24|0x0000000687000000, 0x0000000687000000, 0x0000000687400000|  0%| F|  |TAMS 0x0000000687000000| PB 0x0000000687000000| Untracked 
|  25|0x0000000687400000, 0x0000000687400000, 0x0000000687800000|  0%| F|  |TAMS 0x0000000687400000| PB 0x0000000687400000| Untracked 
|  26|0x0000000687800000, 0x0000000687800000, 0x0000000687c00000|  0%| F|  |TAMS 0x0000000687800000| PB 0x0000000687800000| Untracked 
|  27|0x0000000687c00000, 0x0000000687c00000, 0x0000000688000000|  0%| F|  |TAMS 0x0000000687c00000| PB 0x0000000687c00000| Untracked 
|  28|0x0000000688000000, 0x0000000688000000, 0x0000000688400000|  0%| F|  |TAMS 0x0000000688000000| PB 0x0000000688000000| Untracked 
|  29|0x0000000688400000, 0x0000000688400000, 0x0000000688800000|  0%| F|  |TAMS 0x0000000688400000| PB 0x0000000688400000| Untracked 
|  30|0x0000000688800000, 0x0000000688800000, 0x0000000688c00000|  0%| F|  |TAMS 0x0000000688800000| PB 0x0000000688800000| Untracked 
|  31|0x0000000688c00000, 0x0000000688c00000, 0x0000000689000000|  0%| F|  |TAMS 0x0000000688c00000| PB 0x0000000688c00000| Untracked 
|  32|0x0000000689000000, 0x0000000689000000, 0x0000000689400000|  0%| F|  |TAMS 0x0000000689000000| PB 0x0000000689000000| Untracked 
|  33|0x0000000689400000, 0x0000000689400000, 0x0000000689800000|  0%| F|  |TAMS 0x0000000689400000| PB 0x0000000689400000| Untracked 
|  34|0x0000000689800000, 0x0000000689800000, 0x0000000689c00000|  0%| F|  |TAMS 0x0000000689800000| PB 0x0000000689800000| Untracked 
|  35|0x0000000689c00000, 0x0000000689c00000, 0x000000068a000000|  0%| F|  |TAMS 0x0000000689c00000| PB 0x0000000689c00000| Untracked 
|  36|0x000000068a000000, 0x000000068a000000, 0x000000068a400000|  0%| F|  |TAMS 0x000000068a000000| PB 0x000000068a000000| Untracked 
|  37|0x000000068a400000, 0x000000068a400000, 0x000000068a800000|  0%| F|  |TAMS 0x000000068a400000| PB 0x000000068a400000| Untracked 
|  38|0x000000068a800000, 0x000000068a800000, 0x000000068ac00000|  0%| F|  |TAMS 0x000000068a800000| PB 0x000000068a800000| Untracked 
|  39|0x000000068ac00000, 0x000000068ac00000, 0x000000068b000000|  0%| F|  |TAMS 0x000000068ac00000| PB 0x000000068ac00000| Untracked 
|  40|0x000000068b000000, 0x000000068b000000, 0x000000068b400000|  0%| F|  |TAMS 0x000000068b000000| PB 0x000000068b000000| Untracked 
|  41|0x000000068b400000, 0x000000068b400000, 0x000000068b800000|  0%| F|  |TAMS 0x000000068b400000| PB 0x000000068b400000| Untracked 
|  42|0x000000068b800000, 0x000000068b800000, 0x000000068bc00000|  0%| F|  |TAMS 0x000000068b800000| PB 0x000000068b800000| Untracked 
|  43|0x000000068bc00000, 0x000000068bc00000, 0x000000068c000000|  0%| F|  |TAMS 0x000000068bc00000| PB 0x000000068bc00000| Untracked 
|  44|0x000000068c000000, 0x000000068c000000, 0x000000068c400000|  0%| F|  |TAMS 0x000000068c000000| PB 0x000000068c000000| Untracked 
|  45|0x000000068c400000, 0x000000068c400000, 0x000000068c800000|  0%| F|  |TAMS 0x000000068c400000| PB 0x000000068c400000| Untracked 
|  46|0x000000068c800000, 0x000000068c800000, 0x000000068cc00000|  0%| F|  |TAMS 0x000000068c800000| PB 0x000000068c800000| Untracked 
|  47|0x000000068cc00000, 0x000000068cc00000, 0x000000068d000000|  0%| F|  |TAMS 0x000000068cc00000| PB 0x000000068cc00000| Untracked 
|  48|0x000000068d000000, 0x000000068d000000, 0x000000068d400000|  0%| F|  |TAMS 0x000000068d000000| PB 0x000000068d000000| Untracked 
|  49|0x000000068d400000, 0x000000068d400000, 0x000000068d800000|  0%| F|  |TAMS 0x000000068d400000| PB 0x000000068d400000| Untracked 
|  50|0x000000068d800000, 0x000000068d800000, 0x000000068dc00000|  0%| F|  |TAMS 0x000000068d800000| PB 0x000000068d800000| Untracked 
|  51|0x000000068dc00000, 0x000000068dc00000, 0x000000068e000000|  0%| F|  |TAMS 0x000000068dc00000| PB 0x000000068dc00000| Untracked 
|  52|0x000000068e000000, 0x000000068e000000, 0x000000068e400000|  0%| F|  |TAMS 0x000000068e000000| PB 0x000000068e000000| Untracked 
|  53|0x000000068e400000, 0x000000068e400000, 0x000000068e800000|  0%| F|  |TAMS 0x000000068e400000| PB 0x000000068e400000| Untracked 
|  54|0x000000068e800000, 0x000000068e800000, 0x000000068ec00000|  0%| F|  |TAMS 0x000000068e800000| PB 0x000000068e800000| Untracked 
|  55|0x000000068ec00000, 0x000000068ec00000, 0x000000068f000000|  0%| F|  |TAMS 0x000000068ec00000| PB 0x000000068ec00000| Untracked 
|  56|0x000000068f000000, 0x000000068f000000, 0x000000068f400000|  0%| F|  |TAMS 0x000000068f000000| PB 0x000000068f000000| Untracked 
|  57|0x000000068f400000, 0x000000068f400000, 0x000000068f800000|  0%| F|  |TAMS 0x000000068f400000| PB 0x000000068f400000| Untracked 
|  58|0x000000068f800000, 0x000000068f800000, 0x000000068fc00000|  0%| F|  |TAMS 0x000000068f800000| PB 0x000000068f800000| Untracked 
|  59|0x000000068fc00000, 0x000000068fc00000, 0x0000000690000000|  0%| F|  |TAMS 0x000000068fc00000| PB 0x000000068fc00000| Untracked 
|  60|0x0000000690000000, 0x0000000690000000, 0x0000000690400000|  0%| F|  |TAMS 0x0000000690000000| PB 0x0000000690000000| Untracked 
|  61|0x0000000690400000, 0x0000000690400000, 0x0000000690800000|  0%| F|  |TAMS 0x0000000690400000| PB 0x0000000690400000| Untracked 
|  62|0x0000000690800000, 0x0000000690800000, 0x0000000690c00000|  0%| F|  |TAMS 0x0000000690800000| PB 0x0000000690800000| Untracked 
|  63|0x0000000690c00000, 0x0000000690c00000, 0x0000000691000000|  0%| F|  |TAMS 0x0000000690c00000| PB 0x0000000690c00000| Untracked 
|  64|0x0000000691000000, 0x0000000691000000, 0x0000000691400000|  0%| F|  |TAMS 0x0000000691000000| PB 0x0000000691000000| Untracked 
|  65|0x0000000691400000, 0x0000000691400000, 0x0000000691800000|  0%| F|  |TAMS 0x0000000691400000| PB 0x0000000691400000| Untracked 
|  66|0x0000000691800000, 0x0000000691800000, 0x0000000691c00000|  0%| F|  |TAMS 0x0000000691800000| PB 0x0000000691800000| Untracked 
|  67|0x0000000691c00000, 0x0000000691c00000, 0x0000000692000000|  0%| F|  |TAMS 0x0000000691c00000| PB 0x0000000691c00000| Untracked 
|  68|0x0000000692000000, 0x0000000692000000, 0x0000000692400000|  0%| F|  |TAMS 0x0000000692000000| PB 0x0000000692000000| Untracked 
|  69|0x0000000692400000, 0x0000000692400000, 0x0000000692800000|  0%| F|  |TAMS 0x0000000692400000| PB 0x0000000692400000| Untracked 
|  70|0x0000000692800000, 0x0000000692800000, 0x0000000692c00000|  0%| F|  |TAMS 0x0000000692800000| PB 0x0000000692800000| Untracked 
|  71|0x0000000692c00000, 0x0000000692c00000, 0x0000000693000000|  0%| F|  |TAMS 0x0000000692c00000| PB 0x0000000692c00000| Untracked 
|  72|0x0000000693000000, 0x0000000693000000, 0x0000000693400000|  0%| F|  |TAMS 0x0000000693000000| PB 0x0000000693000000| Untracked 
|  73|0x0000000693400000, 0x0000000693400000, 0x0000000693800000|  0%| F|  |TAMS 0x0000000693400000| PB 0x0000000693400000| Untracked 
|  74|0x0000000693800000, 0x0000000693800000, 0x0000000693c00000|  0%| F|  |TAMS 0x0000000693800000| PB 0x0000000693800000| Untracked 
|  75|0x0000000693c00000, 0x0000000693c00000, 0x0000000694000000|  0%| F|  |TAMS 0x0000000693c00000| PB 0x0000000693c00000| Untracked 
|  76|0x0000000694000000, 0x0000000694000000, 0x0000000694400000|  0%| F|  |TAMS 0x0000000694000000| PB 0x0000000694000000| Untracked 
|  77|0x0000000694400000, 0x0000000694400000, 0x0000000694800000|  0%| F|  |TAMS 0x0000000694400000| PB 0x0000000694400000| Untracked 
|  78|0x0000000694800000, 0x0000000694800000, 0x0000000694c00000|  0%| F|  |TAMS 0x0000000694800000| PB 0x0000000694800000| Untracked 
|  79|0x0000000694c00000, 0x0000000694c00000, 0x0000000695000000|  0%| F|  |TAMS 0x0000000694c00000| PB 0x0000000694c00000| Untracked 
|  80|0x0000000695000000, 0x0000000695000000, 0x0000000695400000|  0%| F|  |TAMS 0x0000000695000000| PB 0x0000000695000000| Untracked 
|  81|0x0000000695400000, 0x0000000695400000, 0x0000000695800000|  0%| F|  |TAMS 0x0000000695400000| PB 0x0000000695400000| Untracked 
|  82|0x0000000695800000, 0x0000000695800000, 0x0000000695c00000|  0%| F|  |TAMS 0x0000000695800000| PB 0x0000000695800000| Untracked 
|  83|0x0000000695c00000, 0x0000000695c00000, 0x0000000696000000|  0%| F|  |TAMS 0x0000000695c00000| PB 0x0000000695c00000| Untracked 
|  84|0x0000000696000000, 0x0000000696000000, 0x0000000696400000|  0%| F|  |TAMS 0x0000000696000000| PB 0x0000000696000000| Untracked 
|  85|0x0000000696400000, 0x0000000696400000, 0x0000000696800000|  0%| F|  |TAMS 0x0000000696400000| PB 0x0000000696400000| Untracked 
|  86|0x0000000696800000, 0x0000000696800000, 0x0000000696c00000|  0%| F|  |TAMS 0x0000000696800000| PB 0x0000000696800000| Untracked 
|  87|0x0000000696c00000, 0x0000000696c00000, 0x0000000697000000|  0%| F|  |TAMS 0x0000000696c00000| PB 0x0000000696c00000| Untracked 
|  88|0x0000000697000000, 0x0000000697000000, 0x0000000697400000|  0%| F|  |TAMS 0x0000000697000000| PB 0x0000000697000000| Untracked 
|  89|0x0000000697400000, 0x0000000697400000, 0x0000000697800000|  0%| F|  |TAMS 0x0000000697400000| PB 0x0000000697400000| Untracked 
|  90|0x0000000697800000, 0x0000000697800000, 0x0000000697c00000|  0%| F|  |TAMS 0x0000000697800000| PB 0x0000000697800000| Untracked 
|  91|0x0000000697c00000, 0x0000000697cd5cf0, 0x0000000698000000| 20%| E|  |TAMS 0x0000000697c00000| PB 0x0000000697c00000| Complete 
|  92|0x0000000698000000, 0x0000000698400000, 0x0000000698400000|100%| E|CS|TAMS 0x0000000698000000| PB 0x0000000698000000| Complete 
|  93|0x0000000698400000, 0x0000000698800000, 0x0000000698800000|100%| E|CS|TAMS 0x0000000698400000| PB 0x0000000698400000| Complete 
|  94|0x0000000698800000, 0x0000000698c00000, 0x0000000698c00000|100%| E|CS|TAMS 0x0000000698800000| PB 0x0000000698800000| Complete 
|  95|0x0000000698c00000, 0x0000000699000000, 0x0000000699000000|100%| E|CS|TAMS 0x0000000698c00000| PB 0x0000000698c00000| Complete 

Card table byte_map: [0x00000292e2be0000,0x00000292e37e0000] _byte_map_base: 0x00000292df7d8000

Marking Bits: (CMBitMap*) 0x00000292ca43d090
 Bits: [0x00000292e37e0000, 0x00000292e97a0000)

Polling page: 0x00000292c83a0000

Metaspace:

Usage:
  Non-class:      1.91 MB used.
      Class:    186.49 KB used.
       Both:      2.10 MB used.

Virtual space:
  Non-class space:       64.00 MB reserved,       2.00 MB (  3%) committed,  1 nodes.
      Class space:        1.00 GB reserved,     256.00 KB ( <1%) committed,  1 nodes.
             Both:        1.06 GB reserved,       2.25 MB ( <1%) committed. 

Chunk freelists:
   Non-Class:  11.35 MB
       Class:  15.63 MB
        Both:  26.98 MB

MaxMetaspaceSize: unlimited
CompressedClassSpaceSize: 1.00 GB
Initial GC threshold: 21.00 MB
Current GC threshold: 21.00 MB
CDS: on
 - commit_granule_bytes: 65536.
 - commit_granule_words: 8192.
 - virtual_space_node_default_size: 8388608.
 - enlarge_chunks_in_place: 1.
 - use_allocation_guard: 0.


Internal statistics:

num_allocs_failed_limit: 0.
num_arena_births: 72.
num_arena_deaths: 0.
num_vsnodes_births: 2.
num_vsnodes_deaths: 0.
num_space_committed: 36.
num_space_uncommitted: 0.
num_chunks_returned_to_freelist: 0.
num_chunks_taken_from_freelist: 128.
num_chunk_merges: 0.
num_chunk_splits: 75.
num_chunks_enlarged: 29.
num_inconsistent_stats: 0.

CodeHeap 'non-profiled nmethods': size=120000Kb used=293Kb max_used=293Kb free=119706Kb
 bounds [0x00000292da550000, 0x00000292da7c0000, 0x00000292e1a80000]
CodeHeap 'profiled nmethods': size=120000Kb used=1128Kb max_used=1128Kb free=118871Kb
 bounds [0x00000292d2a80000, 0x00000292d2cf0000, 0x00000292d9fb0000]
CodeHeap 'non-nmethods': size=5760Kb used=1329Kb max_used=1343Kb free=4430Kb
 bounds [0x00000292d9fb0000, 0x00000292da220000, 0x00000292da550000]
 total_blobs=1222 nmethods=782 adapters=345
 compilation: enabled
              stopped_count=0, restarted_count=0
 full_count=0

Compilation events (20 events):
Event: 0.338 Thread 0x00000292ec42ee50  770       3       java.util.Arrays::copyOf (40 bytes)
Event: 0.338 Thread 0x00000292ec42ee50 nmethod 770 0x00000292d2b94c90 code [0x00000292d2b94ea0, 0x00000292d2b95580]
Event: 0.338 Thread 0x00000292ec42ee50  768       3       java.util.ImmutableCollections$ListN::get (7 bytes)
Event: 0.338 Thread 0x00000292ec42ee50 nmethod 768 0x00000292d2b95790 code [0x00000292d2b95920, 0x00000292d2b95a60]
Event: 0.338 Thread 0x00000292ec42ee50  769       3       java.lang.invoke.LambdaForm$Name::<init> (66 bytes)
Event: 0.338 Thread 0x00000292ec42ee50 nmethod 769 0x00000292d2b95b10 code [0x00000292d2b95cc0, 0x00000292d2b95fa0]
Event: 0.338 Thread 0x00000292ec42ee50  774       3       java.lang.invoke.LambdaForm$BasicType::basicTypeSlots (8 bytes)
Event: 0.338 Thread 0x00000292ec42ee50 nmethod 774 0x00000292d2b96090 code [0x00000292d2b96240, 0x00000292d2b963c0]
Event: 0.338 Thread 0x00000292ec42ee50  776       3       jdk.internal.org.objectweb.asm.ByteVector::put122 (93 bytes)
Event: 0.339 Thread 0x00000292ec42ee50 nmethod 776 0x00000292d2b96490 code [0x00000292d2b96640, 0x00000292d2b968d0]
Event: 0.339 Thread 0x00000292ec42ee50  777   !   3       java.lang.invoke.MemberName$Factory::resolve (159 bytes)
Event: 0.339 Thread 0x00000292ec42ee50 nmethod 777 0x00000292d2b96a90 code [0x00000292d2b96cc0, 0x00000292d2b973d0]
Event: 0.339 Thread 0x00000292ec42ee50  775       3       sun.invoke.util.Wrapper::stackSlots (9 bytes)
Event: 0.339 Thread 0x00000292ec42ee50 nmethod 775 0x00000292d2b97690 code [0x00000292d2b97820, 0x00000292d2b97930]
Event: 0.339 Thread 0x00000292ec42ee50  779       3       java.lang.invoke.MethodType::basicType (8 bytes)
Event: 0.339 Thread 0x00000292ec42ee50 nmethod 779 0x00000292d2b97990 code [0x00000292d2b97b20, 0x00000292d2b97c58]
Event: 0.340 Thread 0x00000292ec42ee50  780       3       java.util.concurrent.ConcurrentHashMap$Traverser::advance (188 bytes)
Event: 0.340 Thread 0x00000292ec42e780 nmethod 762 0x00000292da598990 code [0x00000292da598b60, 0x00000292da598f50]
Event: 0.340 Thread 0x00000292ec42ee50 nmethod 780 0x00000292d2b97d10 code [0x00000292d2b97f60, 0x00000292d2b98b90]
Event: 0.340 Thread 0x00000292ec42ee50  782   !   3       java.nio.DirectIntBufferU::get (34 bytes)

GC Heap History (0 events):
No events

Dll operation events (10 events):
Event: 0.008 Loaded shared library C:\Program Files\Eclipse Adoptium\jdk-21.0.1.12-hotspot\bin\java.dll
Event: 0.040 Loaded shared library C:\Program Files\Eclipse Adoptium\jdk-21.0.1.12-hotspot\bin\jsvml.dll
Event: 0.105 Loaded shared library C:\Program Files\Eclipse Adoptium\jdk-21.0.1.12-hotspot\bin\net.dll
Event: 0.106 Loaded shared library C:\Program Files\Eclipse Adoptium\jdk-21.0.1.12-hotspot\bin\nio.dll
Event: 0.110 Loaded shared library C:\Program Files\Eclipse Adoptium\jdk-21.0.1.12-hotspot\bin\zip.dll
Event: 0.177 Loaded shared library C:\Program Files\Eclipse Adoptium\jdk-21.0.1.12-hotspot\bin\zip.dll
Event: 0.180 Loaded shared library C:\Program Files\Eclipse Adoptium\jdk-21.0.1.12-hotspot\bin\instrument.dll
Event: 0.254 Loaded shared library C:\Program Files\JetBrains\IntelliJ IDEA Community Edition 2023.3.2\bin\breakgen64.dll
Event: 0.262 Loaded shared library C:\Program Files\Eclipse Adoptium\jdk-21.0.1.12-hotspot\bin\extnet.dll
Event: 0.291 Loaded shared library C:\Program Files\Eclipse Adoptium\jdk-21.0.1.12-hotspot\bin\jimage.dll

Deoptimization events (20 events):
Event: 0.245 Thread 0x00000292c81c86f0 Uncommon trap: trap_request=0xffffff45 fr.pc=0x00000292da578d3c relative=0x000000000000017c
Event: 0.245 Thread 0x00000292c81c86f0 Uncommon trap: reason=unstable_if action=reinterpret pc=0x00000292da578d3c method=java.util.zip.ZipFile$Source.isMetaName([BII)Z @ 57 c2
Event: 0.245 Thread 0x00000292c81c86f0 DEOPT PACKING pc=0x00000292da578d3c sp=0x000000e5364fe390
Event: 0.245 Thread 0x00000292c81c86f0 DEOPT UNPACKING pc=0x00000292da0046a2 sp=0x000000e5364fe338 mode 2
Event: 0.254 Thread 0x00000292c81c86f0 Uncommon trap: trap_request=0xffffff45 fr.pc=0x00000292da55138c relative=0x000000000000006c
Event: 0.254 Thread 0x00000292c81c86f0 Uncommon trap: reason=unstable_if action=reinterpret pc=0x00000292da55138c method=java.lang.String.isLatin1()Z @ 10 c2
Event: 0.254 Thread 0x00000292c81c86f0 DEOPT PACKING pc=0x00000292da55138c sp=0x000000e5364fe5e0
Event: 0.254 Thread 0x00000292c81c86f0 DEOPT UNPACKING pc=0x00000292da0046a2 sp=0x000000e5364fe570 mode 2
Event: 0.255 Thread 0x00000292c81c86f0 Uncommon trap: trap_request=0xffffff45 fr.pc=0x00000292da5519e4 relative=0x00000000000000c4
Event: 0.255 Thread 0x00000292c81c86f0 Uncommon trap: reason=unstable_if action=reinterpret pc=0x00000292da5519e4 method=java.lang.String.isLatin1()Z @ 10 c2
Event: 0.255 Thread 0x00000292c81c86f0 DEOPT PACKING pc=0x00000292da5519e4 sp=0x000000e5364ff040
Event: 0.255 Thread 0x00000292c81c86f0 DEOPT UNPACKING pc=0x00000292da0046a2 sp=0x000000e5364fef80 mode 2
Event: 0.299 Thread 0x00000292c81c86f0 Uncommon trap: trap_request=0xffffff45 fr.pc=0x00000292da57ca90 relative=0x0000000000000070
Event: 0.299 Thread 0x00000292c81c86f0 Uncommon trap: reason=unstable_if action=reinterpret pc=0x00000292da57ca90 method=java.io.WinNTFileSystem.isSlash(C)Z @ 9 c2
Event: 0.299 Thread 0x00000292c81c86f0 DEOPT PACKING pc=0x00000292da57ca90 sp=0x000000e5364fde10
Event: 0.299 Thread 0x00000292c81c86f0 DEOPT UNPACKING pc=0x00000292da0046a2 sp=0x000000e5364fdd98 mode 2
Event: 0.301 Thread 0x00000292c81c86f0 DEOPT PACKING pc=0x00000292d2b0e588 sp=0x000000e5364fd160
Event: 0.301 Thread 0x00000292c81c86f0 DEOPT UNPACKING pc=0x00000292da004e42 sp=0x000000e5364fc5f0 mode 0
Event: 0.302 Thread 0x00000292c81c86f0 DEOPT PACKING pc=0x00000292d2b0e588 sp=0x000000e5364f9af0
Event: 0.302 Thread 0x00000292c81c86f0 DEOPT UNPACKING pc=0x00000292da004e42 sp=0x000000e5364f8f80 mode 0

Classes loaded (20 events):
Event: 0.298 Loading class sun/net/www/protocol/file/FileURLConnection
Event: 0.298 Loading class sun/net/www/URLConnection
Event: 0.298 Loading class sun/net/www/URLConnection done
Event: 0.298 Loading class sun/net/www/protocol/file/FileURLConnection done
Event: 0.299 Loading class sun/net/www/MessageHeader
Event: 0.299 Loading class sun/net/www/MessageHeader done
Event: 0.299 Loading class sun/net/www/protocol/jar/URLJarFile
Event: 0.299 Loading class sun/net/www/protocol/jar/URLJarFile done
Event: 0.299 Loading class sun/net/www/protocol/jar/URLJarFile$URLJarFileEntry
Event: 0.300 Loading class sun/net/www/protocol/jar/URLJarFile$URLJarFileEntry done
Event: 0.300 Loading class sun/net/www/protocol/jar/JarURLConnection$JarURLInputStream
Event: 0.300 Loading class sun/net/www/protocol/jar/JarURLConnection$JarURLInputStream done
Event: 0.300 Loading class java/util/LinkedHashMap$LinkedKeySet
Event: 0.300 Loading class java/util/LinkedHashMap$LinkedKeySet done
Event: 0.300 Loading class java/util/LinkedHashMap$LinkedKeyIterator
Event: 0.300 Loading class java/util/LinkedHashMap$LinkedKeyIterator done
Event: 0.308 Loading class java/lang/IndexOutOfBoundsException
Event: 0.308 Loading class java/lang/IndexOutOfBoundsException done
Event: 0.339 Loading class java/net/MalformedURLException
Event: 0.340 Loading class java/net/MalformedURLException done

Classes unloaded (0 events):
No events

Classes redefined (0 events):
No events

Internal exceptions (6 events):
Event: 0.107 Thread 0x00000292c81c86f0 Exception <a 'sun/nio/fs/WindowsException'{0x0000000698e68aa0}> (0x0000000698e68aa0) 
thrown [s\src\hotspot\share\prims\jni.cpp, line 520]
Event: 0.247 Thread 0x00000292c81c86f0 Exception <a 'java/lang/NoSuchMethodError'{0x00000006981458b0}: 'void java.lang.invoke.DirectMethodHandle$Holder.invokeStatic(java.lang.Object, java.lang.Object, java.lang.Object)'> (0x00000006981458b0) 
thrown [s\src\hotspot\share\interpreter\linkResolver.cpp, line 773]
Event: 0.250 Thread 0x00000292c81c86f0 Exception <a 'java/lang/NoSuchMethodError'{0x000000069815c2b0}: 'java.lang.Object java.lang.invoke.Invokers$Holder.invokeExact_MT(java.lang.Object, java.lang.Object, java.lang.Object, java.lang.Object, java.lang.Object)'> (0x000000069815c2b0) 
thrown [s\src\hotspot\share\interpreter\linkResolver.cpp, line 773]
Event: 0.264 Thread 0x00000292f136e1b0 Exception <a 'java/lang/NoSuchMethodError'{0x0000000698176aa0}: 'void java.lang.invoke.DirectMethodHandle$Holder.invokeStatic(java.lang.Object, java.lang.Object)'> (0x0000000698176aa0) 
thrown [s\src\hotspot\share\interpreter\linkResolver.cpp, line 773]
Event: 0.338 Thread 0x00000292c81c86f0 Exception <a 'java/lang/NoSuchMethodError'{0x0000000697cc0558}: 'java.lang.Object java.lang.invoke.DirectMethodHandle$Holder.invokeSpecial(java.lang.Object, java.lang.Object, java.lang.Object, long, java.lang.Object)'> (0x0000000697cc0558) 
thrown [s\src\hotspot\share\interpreter\linkResolver.cpp, line 773]
Event: 0.338 Thread 0x00000292c81c86f0 Exception <a 'java/lang/NoSuchMethodError'{0x0000000697cc3ea8}: 'java.lang.Object java.lang.invoke.Invokers$Holder.linkToTargetMethod(java.lang.Object, long, java.lang.Object, java.lang.Object)'> (0x0000000697cc3ea8) 
thrown [s\src\hotspot\share\interpreter\linkResolver.cpp, line 773]

ZGC Phase Switch (0 events):
No events

VM Operations (12 events):
Event: 0.111 Executing VM operation: HandshakeAllThreads (Deoptimize)
Event: 0.111 Executing VM operation: HandshakeAllThreads (Deoptimize) done
Event: 0.165 Executing VM operation: HandshakeAllThreads (Deoptimize)
Event: 0.165 Executing VM operation: HandshakeAllThreads (Deoptimize) done
Event: 0.256 Executing VM operation: HandshakeAllThreads (Deoptimize)
Event: 0.256 Executing VM operation: HandshakeAllThreads (Deoptimize) done
Event: 0.267 Executing VM operation: HandshakeAllThreads (Deoptimize)
Event: 0.267 Executing VM operation: HandshakeAllThreads (Deoptimize) done
Event: 0.287 Executing VM operation: HandshakeAllThreads (Deoptimize)
Event: 0.287 Executing VM operation: HandshakeAllThreads (Deoptimize) done
Event: 0.299 Executing VM operation: HandshakeAllThreads (Deoptimize)
Event: 0.299 Executing VM operation: HandshakeAllThreads (Deoptimize) done

Events (14 events):
Event: 0.026 Thread 0x00000292c81c86f0 Thread added: 0x00000292c81c86f0
Event: 0.038 Thread 0x00000292ec4086b0 Thread added: 0x00000292ec4086b0
Event: 0.039 Thread 0x00000292ec40aff0 Thread added: 0x00000292ec40aff0
Event: 0.039 Thread 0x00000292ec40f0c0 Thread added: 0x00000292ec40f0c0
Event: 0.039 Thread 0x00000292ec40fb20 Thread added: 0x00000292ec40fb20
Event: 0.039 Thread 0x00000292ec419230 Thread added: 0x00000292ec419230
Event: 0.039 Thread 0x00000292ec41a2b0 Thread added: 0x00000292ec41a2b0
Event: 0.039 Thread 0x00000292ec4265c0 Thread added: 0x00000292ec4265c0
Event: 0.039 Thread 0x00000292ec42ee50 Thread added: 0x00000292ec42ee50
Event: 0.095 Thread 0x00000292ec624750 Thread added: 0x00000292ec624750
Event: 0.141 Thread 0x00000292ec42e0b0 Thread added: 0x00000292ec42e0b0
Event: 0.141 Thread 0x00000292ec42e780 Thread added: 0x00000292ec42e780
Event: 0.254 Thread 0x00000292f136e1b0 Thread added: 0x00000292f136e1b0
Event: 0.254 Thread 0x00000292f16f3190 Thread added: 0x00000292f16f3190


Dynamic libraries:
0x00007ff7bec10000 - 0x00007ff7bec1e000 	C:\Program Files\Eclipse Adoptium\jdk-21.0.1.12-hotspot\bin\java.exe
0x00007ffa69c90000 - 0x00007ffa69e88000 	C:\WINDOWS\SYSTEM32\ntdll.dll
0x00007ffa69a40000 - 0x00007ffa69b02000 	C:\WINDOWS\System32\KERNEL32.DLL
0x00007ffa676b0000 - 0x00007ffa679a7000 	C:\WINDOWS\System32\KERNELBASE.dll
0x00007ffa67410000 - 0x00007ffa67510000 	C:\WINDOWS\System32\ucrtbase.dll
0x00007ffa31ad0000 - 0x00007ffa31ae8000 	C:\Program Files\Eclipse Adoptium\jdk-21.0.1.12-hotspot\bin\jli.dll
0x00007ffa328a0000 - 0x00007ffa328bb000 	C:\Program Files\Eclipse Adoptium\jdk-21.0.1.12-hotspot\bin\VCRUNTIME140.dll
0x00007ffa69010000 - 0x00007ffa691ad000 	C:\WINDOWS\System32\USER32.dll
0x00007ffa67a60000 - 0x00007ffa67a82000 	C:\WINDOWS\System32\win32u.dll
0x00007ffa57340000 - 0x00007ffa575da000 	C:\WINDOWS\WinSxS\amd64_microsoft.windows.common-controls_6595b64144ccf1df_6.0.19041.5915_none_60b4b9d171f9c7c7\COMCTL32.dll
0x00007ffa69800000 - 0x00007ffa6982b000 	C:\WINDOWS\System32\GDI32.dll
0x00007ffa69620000 - 0x00007ffa696be000 	C:\WINDOWS\System32\msvcrt.dll
0x00007ffa67590000 - 0x00007ffa676a9000 	C:\WINDOWS\System32\gdi32full.dll
0x00007ffa67370000 - 0x00007ffa6740d000 	C:\WINDOWS\System32\msvcp_win.dll
0x00007ffa693a0000 - 0x00007ffa693cf000 	C:\WINDOWS\System32\IMM32.DLL
0x00007ffa3a7c0000 - 0x00007ffa3a7cc000 	C:\Program Files\Eclipse Adoptium\jdk-21.0.1.12-hotspot\bin\vcruntime140_1.dll
0x00007ffa0a450000 - 0x00007ffa0a4de000 	C:\Program Files\Eclipse Adoptium\jdk-21.0.1.12-hotspot\bin\msvcp140.dll
0x00007ffa031b0000 - 0x00007ffa03f31000 	C:\Program Files\Eclipse Adoptium\jdk-21.0.1.12-hotspot\bin\server\jvm.dll
0x00007ffa693d0000 - 0x00007ffa69481000 	C:\WINDOWS\System32\ADVAPI32.dll
0x00007ffa68ae0000 - 0x00007ffa68b7f000 	C:\WINDOWS\System32\sechost.dll
0x00007ffa69490000 - 0x00007ffa695b6000 	C:\WINDOWS\System32\RPCRT4.dll
0x00007ffa67bf0000 - 0x00007ffa67c17000 	C:\WINDOWS\System32\bcrypt.dll
0x00007ffa69330000 - 0x00007ffa6939b000 	C:\WINDOWS\System32\WS2_32.dll
0x00007ffa668b0000 - 0x00007ffa668fb000 	C:\WINDOWS\SYSTEM32\POWRPROF.dll
0x00007ffa61980000 - 0x00007ffa6198a000 	C:\WINDOWS\SYSTEM32\VERSION.dll
0x00007ffa5f200000 - 0x00007ffa5f227000 	C:\WINDOWS\SYSTEM32\WINMM.dll
0x00007ffa66720000 - 0x00007ffa66732000 	C:\WINDOWS\SYSTEM32\UMPDC.dll
0x00007ffa650e0000 - 0x00007ffa650f2000 	C:\WINDOWS\SYSTEM32\kernel.appcore.dll
0x00007ffa32a40000 - 0x00007ffa32a4a000 	C:\Program Files\Eclipse Adoptium\jdk-21.0.1.12-hotspot\bin\jimage.dll
0x00007ffa5e7b0000 - 0x00007ffa5e9b1000 	C:\WINDOWS\SYSTEM32\DBGHELP.DLL
0x00007ffa54050000 - 0x00007ffa54084000 	C:\WINDOWS\SYSTEM32\dbgcore.DLL
0x00007ffa67c20000 - 0x00007ffa67ca2000 	C:\WINDOWS\System32\bcryptPrimitives.dll
0x00007ffa64330000 - 0x00007ffa6433f000 	C:\Program Files\Eclipse Adoptium\jdk-21.0.1.12-hotspot\bin\instrument.dll
0x00007ffa31ab0000 - 0x00007ffa31acf000 	C:\Program Files\Eclipse Adoptium\jdk-21.0.1.12-hotspot\bin\java.dll
0x00007ffa67ed0000 - 0x00007ffa6863e000 	C:\WINDOWS\System32\SHELL32.dll
0x00007ffa653c0000 - 0x00007ffa65b64000 	C:\WINDOWS\SYSTEM32\windows.storage.dll
0x00007ffa68b80000 - 0x00007ffa68ed3000 	C:\WINDOWS\System32\combase.dll
0x00007ffa66d50000 - 0x00007ffa66d7b000 	C:\WINDOWS\SYSTEM32\Wldp.dll
0x00007ffa67cb0000 - 0x00007ffa67d7d000 	C:\WINDOWS\System32\OLEAUT32.dll
0x00007ffa67e00000 - 0x00007ffa67ead000 	C:\WINDOWS\System32\SHCORE.dll
0x00007ffa699e0000 - 0x00007ffa69a3b000 	C:\WINDOWS\System32\shlwapi.dll
0x00007ffa67250000 - 0x00007ffa67274000 	C:\WINDOWS\SYSTEM32\profapi.dll
0x00007ffa04de0000 - 0x00007ffa04eb7000 	C:\Program Files\Eclipse Adoptium\jdk-21.0.1.12-hotspot\bin\jsvml.dll
0x00007ffa27b00000 - 0x00007ffa27b10000 	C:\Program Files\Eclipse Adoptium\jdk-21.0.1.12-hotspot\bin\net.dll
0x00007ffa61b20000 - 0x00007ffa61c2a000 	C:\WINDOWS\SYSTEM32\WINHTTP.dll
0x00007ffa66ab0000 - 0x00007ffa66b1a000 	C:\WINDOWS\system32\mswsock.dll
0x00007ffa27370000 - 0x00007ffa27386000 	C:\Program Files\Eclipse Adoptium\jdk-21.0.1.12-hotspot\bin\nio.dll
0x00007ffa27060000 - 0x00007ffa27078000 	C:\Program Files\Eclipse Adoptium\jdk-21.0.1.12-hotspot\bin\zip.dll
0x00007ffa56470000 - 0x00007ffa5648a000 	C:\Program Files\JetBrains\IntelliJ IDEA Community Edition 2023.3.2\bin\breakgen64.dll
0x00007ffa26ef0000 - 0x00007ffa26ef7000 	C:\Program Files\Eclipse Adoptium\jdk-21.0.1.12-hotspot\bin\extnet.dll

dbghelp: loaded successfully - version: 4.0.5 - missing functions: none
symbol engine: initialized successfully - sym options: 0x614 - pdb path: .;C:\Program Files\Eclipse Adoptium\jdk-21.0.1.12-hotspot\bin;C:\WINDOWS\SYSTEM32;C:\WINDOWS\WinSxS\amd64_microsoft.windows.common-controls_6595b64144ccf1df_6.0.19041.5915_none_60b4b9d171f9c7c7;C:\Program Files\Eclipse Adoptium\jdk-21.0.1.12-hotspot\bin\server;C:\Program Files\JetBrains\IntelliJ IDEA Community Edition 2023.3.2\bin

VM Arguments:
jvm_args: --module-path=C:\JavaFX\lib --add-modules=javafx.base,javafx.controls,javafx.graphics,javafx.media -javaagent:C:\Program Files\JetBrains\IntelliJ IDEA Community Edition 2023.3.2\lib\idea_rt.jar=51985:C:\Program Files\JetBrains\IntelliJ IDEA Community Edition 2023.3.2\bin -Dfile.encoding=UTF-8 -Dsun.stdout.encoding=UTF-8 -Dsun.stderr.encoding=UTF-8 
java_command: com.studying.expenseTracker.ExpenseTrackerApplication
java_class_path (initial): C:\Users\gabri\Documents\GitHub\expenseTracker\target\classes;C:\Users\gabri\.m2\repository\org\springframework\boot\spring-boot-starter-data-jpa\3.5.4\spring-boot-starter-data-jpa-3.5.4.jar;C:\Users\gabri\.m2\repository\org\springframework\boot\spring-boot-starter\3.5.4\spring-boot-starter-3.5.4.jar;C:\Users\gabri\.m2\repository\org\springframework\boot\spring-boot-starter-logging\3.5.4\spring-boot-starter-logging-3.5.4.jar;C:\Users\gabri\.m2\repository\ch\qos\logback\logback-classic\1.5.18\logback-classic-1.5.18.jar;C:\Users\gabri\.m2\repository\ch\qos\logback\logback-core\1.5.18\logback-core-1.5.18.jar;C:\Users\gabri\.m2\repository\org\apache\logging\log4j\log4j-to-slf4j\2.24.3\log4j-to-slf4j-2.24.3.jar;C:\Users\gabri\.m2\repository\org\apache\logging\log4j\log4j-api\2.24.3\log4j-api-2.24.3.jar;C:\Users\gabri\.m2\repository\org\slf4j\jul-to-slf4j\2.0.17\jul-to-slf4j-2.0.17.jar;C:\Users\gabri\.m2\repository\jakarta\annotation\jakarta.annotation-api\2.1.1\jakarta.annotation-api-2.1.1.jar;C:\Users\gabri\.m2\repository\org\yaml\snakeyaml\2.4\snakeyaml-2.4.jar;C:\Users\gabri\.m2\repository\org\springframework\boot\spring-boot-starter-jdbc\3.5.4\spring-boot-starter-jdbc-3.5.4.jar;C:\Users\gabri\.m2\repository\com\zaxxer\HikariCP\6.3.1\HikariCP-6.3.1.jar;C:\Users\gabri\.m2\repository\org\springframework\spring-jdbc\6.2.9\spring-jdbc-6.2.9.jar;C:\Users\gabri\.m2\repository\org\hibernate\orm\hibernate-core\6.6.22.Final\hibernate-core-6.6.22.Final.jar;C:\Users\gabri\.m2\repository\jakarta\persistence\jakarta.persistence-api\3.1.0\jakarta.persistence-api-3.1.0.jar;C:\Users\gabri\.m2\repository\jakarta\transaction\jakarta.transaction-api\2.0.1\jakarta.transaction-api-2.0.1.jar;C:\Users\gabri\.m2\repository\org\jboss\logging\jboss-logging\3.6.1.Final\jboss-logging-3.6.1.Final.jar;C:\Users\gabri\.m2\repository\org\hibernate\common\hibernate-commons-annotations\7.0.3.Final\hibernate-commons-annotations-7.0.3.Final.jar;C:\Users\gabri\.m2\repository\io\smallrye\jandex\3.2.0\jandex-3.2.0.jar;C:\Users\gabri\.m2\repository\com\fasterxml\classmate\1.7.0\classmate-1.7.0.jar;C:\Users\gabri\.m2\repository\net\bytebuddy\byte-buddy\1.17.6\byte-buddy-1.17.6.jar;C:\Users\gabri\.m2\repository\org\glassfish\jaxb\jaxb-runtime\4.0.5\jaxb-runtime-4.0.5.jar;C:\Users\gabri\.m2\repository\org\glassfish\jaxb\jaxb-core\4.0.5\jaxb-core-4.0.5.jar;C:\Users\gabri\.m2\repository\org\eclipse\angus\angus-activation\2.0.2\angus-activation-2.0.2.jar;C:\Users\gabri\.m2\repository\org\glassfish\jaxb\txw2\4.0.5\txw2-4.0.5.jar;C:\Users\gabri\.m2\repository\com\sun\istack\istack-commons-runtime\4.1.2\istack-commons-runtime-4.1.2.jar;C:\Users\gabri\.m2\repository\jakarta\inject\jakarta.inject-api\2.0.1\jakarta.inject-api-2.0.1.jar;C:\Users\gabri\.m2\repository\org\antlr\antlr4-runtime\4.13.0\antlr4-runtime-4.13.0.jar;C:\Users\gabri\.m2\repository\org\springframework\data\spring-data-jpa\3.5.2\spring-data-jpa-3.5.2.jar;C:\Users\gabri\.m2\repository\org\springframework\data\spring-data-commons\3.5.2\spring-data-commons-3.5.2.jar;C:\Users\gabri\.m2\repository\org\springframework\spring-orm\6.2.9\spring-orm-6.2.9.jar;C:\Users\gabri\.m2\repository\org\springframework\spring-context\6.2.9\spring-context-6.2.9.jar;C:\Users\gabri\.m2\repository\org\springframework\spring-aop\6.2.9\spring-aop-6.2.9.jar;C:\Users\gabri\.m2\repository\org\springframework\spring-tx\6.2.9\spring-tx-6.2.9.jar;C:\Users\gabri\.m2\repository\org\springframework\spring-beans\6.2.9\spring-beans-6.2.9.jar;C:\Users\gabri\.m2\repository\org\slf4j\slf4j-api\2.0.17\slf4j-api-2.0.17.jar;C:\Users\gabri\.m2\repository\org\springframework\spring-aspects\6.2.9\spring-aspects-6.2.9.jar;C:\Users\gabri\.m2\repository\org\aspectj\aspectjweaver\1.9.24\aspectjweaver-1.9.24.jar;C:\Users\gabri\.m2\repository\org\springframework\boot\spring-boot-starter-thymeleaf\3.5.4\spring-boot-starter-thymeleaf-3.5.4.jar;C:\Users\gabri\.m2\repository\org\thymeleaf\thymeleaf-spring6\3.1.3.RELEASE\thymeleaf-spring6-3.1.3.RELEASE.jar;C:\Users\gabri\.m2\repository\org\thymeleaf\thymeleaf\3.1.3.RELEASE\thymeleaf-3.1.3.RELEASE.jar;C:\Users\gabri\.m2\repository\org\attoparser\attoparser\2.0.7.RELEASE\attoparser-2.0.7.RELEASE.jar;C:\Users\gabri\.m2\repository\org\unbescape\unbescape\1.1.6.RELEASE\unbescape-1.1.6.RELEASE.jar;C:\Users\gabri\.m2\repository\org\springframework\boot\spring-boot-starter-web\3.5.4\spring-boot-starter-web-3.5.4.jar;C:\Users\gabri\.m2\repository\org\springframework\boot\spring-boot-starter-json\3.5.4\spring-boot-starter-json-3.5.4.jar;C:\Users\gabri\.m2\repository\com\fasterxml\jackson\core\jackson-databind\2.19.2\jackson-databind-2.19.2.jar;C:\Users\gabri\.m2\repository\com\fasterxml\jackson\core\jackson-annotations\2.19.2\jackson-annotations-2.19.2.jar;C:\Users\gabri\.m2\repository\com\fasterxml\jackson\core\jackson-core\2.19.2\jackson-core-2.19.2.jar;C:\Users\gabri\.m2\repository\com\fasterxml\jackson\datatype\jackson-datatype-jdk8\2.19.2\jackson-datatype-jdk8-2.19.2.jar;C:\Users\gabri\.m2\repository\com\fasterxml\jackson\datatype\jackson-datatype-jsr310\2.19.2\jackson-datatype-jsr310-2.19.2.jar;C:\Users\gabri\.m2\repository\com\fasterxml\jackson\module\jackson-module-parameter-names\2.19.2\jackson-module-parameter-names-2.19.2.jar;C:\Users\gabri\.m2\repository\org\springframework\boot\spring-boot-starter-tomcat\3.5.4\spring-boot-starter-tomcat-3.5.4.jar;C:\Users\gabri\.m2\repository\org\apache\tomcat\embed\tomcat-embed-core\10.1.43\tomcat-embed-core-10.1.43.jar;C:\Users\gabri\.m2\repository\org\apache\tomcat\embed\tomcat-embed-el\10.1.43\tomcat-embed-el-10.1.43.jar;C:\Users\gabri\.m2\repository\org\apache\tomcat\embed\tomcat-embed-websocket\10.1.43\tomcat-embed-websocket-10.1.43.jar;C:\Users\gabri\.m2\repository\org\springframework\spring-web\6.2.9\spring-web-6.2.9.jar;C:\Users\gabri\.m2\repository\io\micrometer\micrometer-observation\1.15.2\micrometer-observation-1.15.2.jar;C:\Users\gabri\.m2\repository\io\micrometer\micrometer-commons\1.15.2\micrometer-commons-1.15.2.jar;C:\Users\gabri\.m2\repository\org\springframework\spring-webmvc\6.2.9\spring-webmvc-6.2.9.jar;C:\Users\gabri\.m2\repository\org\springframework\spring-expression\6.2.9\spring-expression-6.2.9.jar;C:\Users\gabri\.m2\repository\org\springframework\boot\spring-boot-devtools\3.5.4\spring-boot-devtools-3.5.4.jar;C:\Users\gabri\.m2\repository\org\springframework\boot\spring-boot\3.5.4\spring-boot-3.5.4.jar;C:\Users\gabri\.m2\repository\org\springframework\boot\spring-boot-autoconfigure\3.5.4\spring-boot-autoconfigure-3.5.4.jar;C:\Users\gabri\.m2\repository\com\mysql\mysql-connector-j\9.3.0\mysql-connector-j-9.3.0.jar;C:\Users\gabri\.m2\repository\jakarta\xml\bind\jakarta.xml.bind-api\4.0.2\jakarta.xml.bind-api-4.0.2.jar;C:\Users\gabri\.m2\repository\jakarta\activation\jakarta.activation-api\2.1.3\jakarta.activation-api-2.1.3.jar;C:\Users\gabri\.m2\repository\org\springframework\spring-core\6.2.9\spring-core-6.2.9.jar;C:\Users\gabri\.m2\repository\org\springframework\spring-jcl\6.2.9\spring-jcl-6.2.9.jar
Launcher Type: SUN_STANDARD

[Global flags]
     intx CICompilerCount                          = 4                                         {product} {ergonomic}
     uint ConcGCThreads                            = 3                                         {product} {ergonomic}
     uint G1ConcRefinementThreads                  = 10                                        {product} {ergonomic}
   size_t G1HeapRegionSize                         = 4194304                                   {product} {ergonomic}
    uintx GCDrainStackTargetSize                   = 64                                        {product} {ergonomic}
   size_t InitialHeapSize                          = 402653184                                 {product} {ergonomic}
   size_t MarkStackSize                            = 4194304                                   {product} {ergonomic}
   size_t MaxHeapSize                              = 6425673728                                {product} {ergonomic}
   size_t MaxNewSize                               = 3854565376                                {product} {ergonomic}
   size_t MinHeapDeltaBytes                        = 4194304                                   {product} {ergonomic}
   size_t MinHeapSize                              = 8388608                                   {product} {ergonomic}
    uintx NonNMethodCodeHeapSize                   = 5839372                                {pd product} {ergonomic}
    uintx NonProfiledCodeHeapSize                  = 122909434                              {pd product} {ergonomic}
    uintx ProfiledCodeHeapSize                     = 122909434                              {pd product} {ergonomic}
    uintx ReservedCodeCacheSize                    = 251658240                              {pd product} {ergonomic}
     bool SegmentedCodeCache                       = true                                      {product} {ergonomic}
   size_t SoftMaxHeapSize                          = 6425673728                             {manageable} {ergonomic}
     bool UseCompressedOops                        = true                           {product lp64_product} {ergonomic}
     bool UseG1GC                                  = true                                      {product} {ergonomic}
     bool UseLargePagesIndividualAllocation        = false                                  {pd product} {ergonomic}

Logging:
Log output configuration:
 #0: stdout all=warning uptime,level,tags foldmultilines=false
 #1: stderr all=off uptime,level,tags foldmultilines=false

Environment Variables:
JAVA_HOME=C:\openjdk-21.0.2_windows-x64_bin
PATH=C:\Program Files\Eclipse Adoptium\jdk-21.0.1.12-hotspot\bin;C:\WINDOWS\system32;C:\WINDOWS;C:\WINDOWS\System32\Wbem;C:\WINDOWS\System32\WindowsPowerShell\v1.0\;C:\WINDOWS\System32\OpenSSH\;C:\Program Files (x86)\NVIDIA Corporation\PhysX\Common;C:\Program Files\NVIDIA Corporation\NVIDIA NvDLISR;C:\Program Files\Eclipse Adoptium\jdk-21.0.1.12-hotspot\\bin;C:\Program Files\Git\cmd;C:\Program Files\Calibre2\;C:\Program Files\dotnet\;C:\Users\gabri\AppData\Local\Microsoft\WindowsApps;C:\Program Files\JetBrains\IntelliJ IDEA 2023.3.2\bin;C:\Program Files\JetBrains\IntelliJ IDEA Community Edition 2023.3.2\bin;C:\Users\gabri\AppData\Local\GitHubDesktop\bin;C:\Users\gabri\.lmstudio\bin;
USERNAME=gabri
OS=Windows_NT
PROCESSOR_IDENTIFIER=AMD64 Family 23 Model 8 Stepping 2, AuthenticAMD
TMP=C:\Users\gabri\AppData\Local\Temp
TEMP=C:\Users\gabri\AppData\Local\Temp




Periodic native trim disabled

---------------  S Y S T E M  ---------------

OS:
 Windows 10 , 64 bit Build 19041 (10.0.19041.5915)
OS uptime: 0 days 1:23 hours

CPU: total 12 (initial active 12) (12 cores per cpu, 2 threads per core) family 23 model 8 stepping 2 microcode 0x0, cx8, cmov, fxsr, ht, mmx, 3dnowpref, sse, sse2, sse3, ssse3, sse4a, sse4.1, sse4.2, popcnt, lzcnt, tsc, tscinvbit, avx, avx2, aes, clmul, bmi1, bmi2, adx, sha, fma, vzeroupper, clflush, clflushopt, rdtscp, f16c
Processor Information for all 12 processors :
  Max Mhz: 3600, Current Mhz: 3600, Mhz Limit: 3600

Memory: 4k page, system-wide physical 24507M (11617M free)
TotalPageFile size 30907M (AvailPageFile size 8763M)
current process WorkingSet (physical memory assigned to process): 79M, peak: 80M
current process commit charge ("private bytes"): 502M, peak: 503M

vm_info: OpenJDK 64-Bit Server VM (21.0.1+12-LTS) for windows-amd64 JRE (21.0.1+12-LTS), built on 2023-10-17T00:00:00Z by "admin" with unknown MS VC++:1937

END.
